The system is: Linux - 5.19.3-arch1-1 - x86_64
Compiling the C compiler identification source file "CMakeCCompilerId.c" succeeded.
Compiler: /usr/bin/cc 
Build flags: 
Id flags:  

The output was:
0


Compilation of the C compiler identification source "CMakeCCompilerId.c" produced "a.out"

The C compiler identification is GNU, found in "/home/kuchy/Zlew/niepraca/Studia/nieprogramy/Projekty/inzynierka/engineer-thesis-WUT/Engine/glfw-3.3.8/build/CMakeFiles/3.24.1/CompilerIdC/a.out"

Detecting C compiler ABI info compiled with the following output:
Change Dir: /home/kuchy/Zlew/niepraca/Studia/nieprogramy/Projekty/inzynierka/engineer-thesis-WUT/Engine/glfw-3.3.8/build/CMakeFiles/CMakeTmp

Run Build Command(s):/usr/bin/make -f Makefile cmTC_200ff/fast && /usr/bin/make  -f CMakeFiles/cmTC_200ff.dir/build.make CMakeFiles/cmTC_200ff.dir/build
make[1]: Entering directory '/home/kuchy/Zlew/niepraca/Studia/nieprogramy/Projekty/inzynierka/engineer-thesis-WUT/Engine/glfw-3.3.8/build/CMakeFiles/CMakeTmp'
Building C object CMakeFiles/cmTC_200ff.dir/CMakeCCompilerABI.c.o
/usr/bin/cc   -v -o CMakeFiles/cmTC_200ff.dir/CMakeCCompilerABI.c.o -c /usr/share/cmake/Modules/CMakeCCompilerABI.c
Using built-in specs.
COLLECT_GCC=/usr/bin/cc
Target: x86_64-pc-linux-gnu
Configured with: /build/gcc/src/gcc/configure --enable-languages=c,c++,ada,fortran,go,lto,objc,obj-c++,d --enable-bootstrap --prefix=/usr --libdir=/usr/lib --libexecdir=/usr/lib --mandir=/usr/share/man --infodir=/usr/share/info --with-bugurl=https://bugs.archlinux.org/ --with-build-config=bootstrap-lto --with-linker-hash-style=gnu --with-system-zlib --enable-__cxa_atexit --enable-cet=auto --enable-checking=release --enable-clocale=gnu --enable-default-pie --enable-default-ssp --enable-gnu-indirect-function --enable-gnu-unique-object --enable-libstdcxx-backtrace --enable-link-serialization=1 --enable-linker-build-id --enable-lto --enable-multilib --enable-plugin --enable-shared --enable-threads=posix --disable-libssp --disable-libstdcxx-pch --disable-werror
Thread model: posix
Supported LTO compression algorithms: zlib zstd
gcc version 12.2.0 (GCC) 
COLLECT_GCC_OPTIONS='-v' '-o' 'CMakeFiles/cmTC_200ff.dir/CMakeCCompilerABI.c.o' '-c' '-mtune=generic' '-march=x86-64' '-dumpdir' 'CMakeFiles/cmTC_200ff.dir/'
 /usr/lib/gcc/x86_64-pc-linux-gnu/12.2.0/cc1 -quiet -v /usr/share/cmake/Modules/CMakeCCompilerABI.c -quiet -dumpdir CMakeFiles/cmTC_200ff.dir/ -dumpbase CMakeCCompilerABI.c.c -dumpbase-ext .c -mtune=generic -march=x86-64 -version -o /tmp/cclEQIaU.s
GNU C17 (GCC) version 12.2.0 (x86_64-pc-linux-gnu)
	compiled by GNU C version 12.2.0, GMP version 6.2.1, MPFR version 4.1.0-p13, MPC version 1.2.1, isl version isl-0.25-GMP

GGC heuristics: --param ggc-min-expand=100 --param ggc-min-heapsize=131072
ignoring nonexistent directory "/usr/lib/gcc/x86_64-pc-linux-gnu/12.2.0/../../../../x86_64-pc-linux-gnu/include"
#include "..." search starts here:
#include <...> search starts here:
 /usr/lib/gcc/x86_64-pc-linux-gnu/12.2.0/include
 /usr/local/include
 /usr/lib/gcc/x86_64-pc-linux-gnu/12.2.0/include-fixed
 /usr/include
End of search list.
GNU C17 (GCC) version 12.2.0 (x86_64-pc-linux-gnu)
	compiled by GNU C version 12.2.0, GMP version 6.2.1, MPFR version 4.1.0-p13, MPC version 1.2.1, isl version isl-0.25-GMP

GGC heuristics: --param ggc-min-expand=100 --param ggc-min-heapsize=131072
Compiler executable checksum: 4b798a352742e8322eaa4a166b8f6299
COLLECT_GCC_OPTIONS='-v' '-o' 'CMakeFiles/cmTC_200ff.dir/CMakeCCompilerABI.c.o' '-c' '-mtune=generic' '-march=x86-64' '-dumpdir' 'CMakeFiles/cmTC_200ff.dir/'
 as -v --64 -o CMakeFiles/cmTC_200ff.dir/CMakeCCompilerABI.c.o /tmp/cclEQIaU.s
GNU assembler version 2.37 (x86_64-pc-linux-gnu) using BFD version (GNU Binutils) 2.37
COMPILER_PATH=/usr/lib/gcc/x86_64-pc-linux-gnu/12.2.0/:/usr/lib/gcc/x86_64-pc-linux-gnu/12.2.0/:/usr/lib/gcc/x86_64-pc-linux-gnu/:/usr/lib/gcc/x86_64-pc-linux-gnu/12.2.0/:/usr/lib/gcc/x86_64-pc-linux-gnu/
LIBRARY_PATH=/usr/lib/gcc/x86_64-pc-linux-gnu/12.2.0/:/usr/lib/gcc/x86_64-pc-linux-gnu/12.2.0/../../../../lib/:/lib/../lib/:/usr/lib/../lib/:/usr/lib/gcc/x86_64-pc-linux-gnu/12.2.0/../../../:/lib/:/usr/lib/
COLLECT_GCC_OPTIONS='-v' '-o' 'CMakeFiles/cmTC_200ff.dir/CMakeCCompilerABI.c.o' '-c' '-mtune=generic' '-march=x86-64' '-dumpdir' 'CMakeFiles/cmTC_200ff.dir/CMakeCCompilerABI.c.'
Linking C executable cmTC_200ff
/usr/bin/cmake -E cmake_link_script CMakeFiles/cmTC_200ff.dir/link.txt --verbose=1
/usr/bin/cc  -v CMakeFiles/cmTC_200ff.dir/CMakeCCompilerABI.c.o -o cmTC_200ff 
Using built-in specs.
COLLECT_GCC=/usr/bin/cc
COLLECT_LTO_WRAPPER=/usr/lib/gcc/x86_64-pc-linux-gnu/12.2.0/lto-wrapper
Target: x86_64-pc-linux-gnu
Configured with: /build/gcc/src/gcc/configure --enable-languages=c,c++,ada,fortran,go,lto,objc,obj-c++,d --enable-bootstrap --prefix=/usr --libdir=/usr/lib --libexecdir=/usr/lib --mandir=/usr/share/man --infodir=/usr/share/info --with-bugurl=https://bugs.archlinux.org/ --with-build-config=bootstrap-lto --with-linker-hash-style=gnu --with-system-zlib --enable-__cxa_atexit --enable-cet=auto --enable-checking=release --enable-clocale=gnu --enable-default-pie --enable-default-ssp --enable-gnu-indirect-function --enable-gnu-unique-object --enable-libstdcxx-backtrace --enable-link-serialization=1 --enable-linker-build-id --enable-lto --enable-multilib --enable-plugin --enable-shared --enable-threads=posix --disable-libssp --disable-libstdcxx-pch --disable-werror
Thread model: posix
Supported LTO compression algorithms: zlib zstd
gcc version 12.2.0 (GCC) 
COMPILER_PATH=/usr/lib/gcc/x86_64-pc-linux-gnu/12.2.0/:/usr/lib/gcc/x86_64-pc-linux-gnu/12.2.0/:/usr/lib/gcc/x86_64-pc-linux-gnu/:/usr/lib/gcc/x86_64-pc-linux-gnu/12.2.0/:/usr/lib/gcc/x86_64-pc-linux-gnu/
LIBRARY_PATH=/usr/lib/gcc/x86_64-pc-linux-gnu/12.2.0/:/usr/lib/gcc/x86_64-pc-linux-gnu/12.2.0/../../../../lib/:/lib/../lib/:/usr/lib/../lib/:/usr/lib/gcc/x86_64-pc-linux-gnu/12.2.0/../../../:/lib/:/usr/lib/
COLLECT_GCC_OPTIONS='-v' '-o' 'cmTC_200ff' '-mtune=generic' '-march=x86-64' '-dumpdir' 'cmTC_200ff.'
 /usr/lib/gcc/x86_64-pc-linux-gnu/12.2.0/collect2 -plugin /usr/lib/gcc/x86_64-pc-linux-gnu/12.2.0/liblto_plugin.so -plugin-opt=/usr/lib/gcc/x86_64-pc-linux-gnu/12.2.0/lto-wrapper -plugin-opt=-fresolution=/tmp/ccOYK7eh.res -plugin-opt=-pass-through=-lgcc -plugin-opt=-pass-through=-lgcc_s -plugin-opt=-pass-through=-lc -plugin-opt=-pass-through=-lgcc -plugin-opt=-pass-through=-lgcc_s --build-id --eh-frame-hdr --hash-style=gnu -m elf_x86_64 -dynamic-linker /lib64/ld-linux-x86-64.so.2 -pie -o cmTC_200ff /usr/lib/gcc/x86_64-pc-linux-gnu/12.2.0/../../../../lib/Scrt1.o /usr/lib/gcc/x86_64-pc-linux-gnu/12.2.0/../../../../lib/crti.o /usr/lib/gcc/x86_64-pc-linux-gnu/12.2.0/crtbeginS.o -L/usr/lib/gcc/x86_64-pc-linux-gnu/12.2.0 -L/usr/lib/gcc/x86_64-pc-linux-gnu/12.2.0/../../../../lib -L/lib/../lib -L/usr/lib/../lib -L/usr/lib/gcc/x86_64-pc-linux-gnu/12.2.0/../../.. CMakeFiles/cmTC_200ff.dir/CMakeCCompilerABI.c.o -lgcc --push-state --as-needed -lgcc_s --pop-state -lc -lgcc --push-state --as-needed -lgcc_s --pop-state /usr/lib/gcc/x86_64-pc-linux-gnu/12.2.0/crtendS.o /usr/lib/gcc/x86_64-pc-linux-gnu/12.2.0/../../../../lib/crtn.o
COLLECT_GCC_OPTIONS='-v' '-o' 'cmTC_200ff' '-mtune=generic' '-march=x86-64' '-dumpdir' 'cmTC_200ff.'
make[1]: Leaving directory '/home/kuchy/Zlew/niepraca/Studia/nieprogramy/Projekty/inzynierka/engineer-thesis-WUT/Engine/glfw-3.3.8/build/CMakeFiles/CMakeTmp'



Parsed C implicit include dir info from above output: rv=done
  found start of include info
  found start of implicit include info
    add: [/usr/lib/gcc/x86_64-pc-linux-gnu/12.2.0/include]
    add: [/usr/local/include]
    add: [/usr/lib/gcc/x86_64-pc-linux-gnu/12.2.0/include-fixed]
    add: [/usr/include]
  end of search list found
  collapse include dir [/usr/lib/gcc/x86_64-pc-linux-gnu/12.2.0/include] ==> [/usr/lib/gcc/x86_64-pc-linux-gnu/12.2.0/include]
  collapse include dir [/usr/local/include] ==> [/usr/local/include]
  collapse include dir [/usr/lib/gcc/x86_64-pc-linux-gnu/12.2.0/include-fixed] ==> [/usr/lib/gcc/x86_64-pc-linux-gnu/12.2.0/include-fixed]
  collapse include dir [/usr/include] ==> [/usr/include]
  implicit include dirs: [/usr/lib/gcc/x86_64-pc-linux-gnu/12.2.0/include;/usr/local/include;/usr/lib/gcc/x86_64-pc-linux-gnu/12.2.0/include-fixed;/usr/include]


Parsed C implicit link information from above output:
  link line regex: [^( *|.*[/\])(ld|CMAKE_LINK_STARTFILE-NOTFOUND|([^/\]+-)?ld|collect2)[^/\]*( |$)]
  ignore line: [Change Dir: /home/kuchy/Zlew/niepraca/Studia/nieprogramy/Projekty/inzynierka/engineer-thesis-WUT/Engine/glfw-3.3.8/build/CMakeFiles/CMakeTmp]
  ignore line: []
  ignore line: [Run Build Command(s):/usr/bin/make -f Makefile cmTC_200ff/fast && /usr/bin/make  -f CMakeFiles/cmTC_200ff.dir/build.make CMakeFiles/cmTC_200ff.dir/build]
  ignore line: [make[1]: Entering directory '/home/kuchy/Zlew/niepraca/Studia/nieprogramy/Projekty/inzynierka/engineer-thesis-WUT/Engine/glfw-3.3.8/build/CMakeFiles/CMakeTmp']
  ignore line: [Building C object CMakeFiles/cmTC_200ff.dir/CMakeCCompilerABI.c.o]
  ignore line: [/usr/bin/cc   -v -o CMakeFiles/cmTC_200ff.dir/CMakeCCompilerABI.c.o -c /usr/share/cmake/Modules/CMakeCCompilerABI.c]
  ignore line: [Using built-in specs.]
  ignore line: [COLLECT_GCC=/usr/bin/cc]
  ignore line: [Target: x86_64-pc-linux-gnu]
  ignore line: [Configured with: /build/gcc/src/gcc/configure --enable-languages=c c++ ada fortran go lto objc obj-c++ d --enable-bootstrap --prefix=/usr --libdir=/usr/lib --libexecdir=/usr/lib --mandir=/usr/share/man --infodir=/usr/share/info --with-bugurl=https://bugs.archlinux.org/ --with-build-config=bootstrap-lto --with-linker-hash-style=gnu --with-system-zlib --enable-__cxa_atexit --enable-cet=auto --enable-checking=release --enable-clocale=gnu --enable-default-pie --enable-default-ssp --enable-gnu-indirect-function --enable-gnu-unique-object --enable-libstdcxx-backtrace --enable-link-serialization=1 --enable-linker-build-id --enable-lto --enable-multilib --enable-plugin --enable-shared --enable-threads=posix --disable-libssp --disable-libstdcxx-pch --disable-werror]
  ignore line: [Thread model: posix]
  ignore line: [Supported LTO compression algorithms: zlib zstd]
  ignore line: [gcc version 12.2.0 (GCC) ]
  ignore line: [COLLECT_GCC_OPTIONS='-v' '-o' 'CMakeFiles/cmTC_200ff.dir/CMakeCCompilerABI.c.o' '-c' '-mtune=generic' '-march=x86-64' '-dumpdir' 'CMakeFiles/cmTC_200ff.dir/']
  ignore line: [ /usr/lib/gcc/x86_64-pc-linux-gnu/12.2.0/cc1 -quiet -v /usr/share/cmake/Modules/CMakeCCompilerABI.c -quiet -dumpdir CMakeFiles/cmTC_200ff.dir/ -dumpbase CMakeCCompilerABI.c.c -dumpbase-ext .c -mtune=generic -march=x86-64 -version -o /tmp/cclEQIaU.s]
  ignore line: [GNU C17 (GCC) version 12.2.0 (x86_64-pc-linux-gnu)]
  ignore line: [	compiled by GNU C version 12.2.0  GMP version 6.2.1  MPFR version 4.1.0-p13  MPC version 1.2.1  isl version isl-0.25-GMP]
  ignore line: []
  ignore line: [GGC heuristics: --param ggc-min-expand=100 --param ggc-min-heapsize=131072]
  ignore line: [ignoring nonexistent directory "/usr/lib/gcc/x86_64-pc-linux-gnu/12.2.0/../../../../x86_64-pc-linux-gnu/include"]
  ignore line: [#include "..." search starts here:]
  ignore line: [#include <...> search starts here:]
  ignore line: [ /usr/lib/gcc/x86_64-pc-linux-gnu/12.2.0/include]
  ignore line: [ /usr/local/include]
  ignore line: [ /usr/lib/gcc/x86_64-pc-linux-gnu/12.2.0/include-fixed]
  ignore line: [ /usr/include]
  ignore line: [End of search list.]
  ignore line: [GNU C17 (GCC) version 12.2.0 (x86_64-pc-linux-gnu)]
  ignore line: [	compiled by GNU C version 12.2.0  GMP version 6.2.1  MPFR version 4.1.0-p13  MPC version 1.2.1  isl version isl-0.25-GMP]
  ignore line: []
  ignore line: [GGC heuristics: --param ggc-min-expand=100 --param ggc-min-heapsize=131072]
  ignore line: [Compiler executable checksum: 4b798a352742e8322eaa4a166b8f6299]
  ignore line: [COLLECT_GCC_OPTIONS='-v' '-o' 'CMakeFiles/cmTC_200ff.dir/CMakeCCompilerABI.c.o' '-c' '-mtune=generic' '-march=x86-64' '-dumpdir' 'CMakeFiles/cmTC_200ff.dir/']
  ignore line: [ as -v --64 -o CMakeFiles/cmTC_200ff.dir/CMakeCCompilerABI.c.o /tmp/cclEQIaU.s]
  ignore line: [GNU assembler version 2.37 (x86_64-pc-linux-gnu) using BFD version (GNU Binutils) 2.37]
  ignore line: [COMPILER_PATH=/usr/lib/gcc/x86_64-pc-linux-gnu/12.2.0/:/usr/lib/gcc/x86_64-pc-linux-gnu/12.2.0/:/usr/lib/gcc/x86_64-pc-linux-gnu/:/usr/lib/gcc/x86_64-pc-linux-gnu/12.2.0/:/usr/lib/gcc/x86_64-pc-linux-gnu/]
  ignore line: [LIBRARY_PATH=/usr/lib/gcc/x86_64-pc-linux-gnu/12.2.0/:/usr/lib/gcc/x86_64-pc-linux-gnu/12.2.0/../../../../lib/:/lib/../lib/:/usr/lib/../lib/:/usr/lib/gcc/x86_64-pc-linux-gnu/12.2.0/../../../:/lib/:/usr/lib/]
  ignore line: [COLLECT_GCC_OPTIONS='-v' '-o' 'CMakeFiles/cmTC_200ff.dir/CMakeCCompilerABI.c.o' '-c' '-mtune=generic' '-march=x86-64' '-dumpdir' 'CMakeFiles/cmTC_200ff.dir/CMakeCCompilerABI.c.']
  ignore line: [Linking C executable cmTC_200ff]
  ignore line: [/usr/bin/cmake -E cmake_link_script CMakeFiles/cmTC_200ff.dir/link.txt --verbose=1]
  ignore line: [/usr/bin/cc  -v CMakeFiles/cmTC_200ff.dir/CMakeCCompilerABI.c.o -o cmTC_200ff ]
  ignore line: [Using built-in specs.]
  ignore line: [COLLECT_GCC=/usr/bin/cc]
  ignore line: [COLLECT_LTO_WRAPPER=/usr/lib/gcc/x86_64-pc-linux-gnu/12.2.0/lto-wrapper]
  ignore line: [Target: x86_64-pc-linux-gnu]
  ignore line: [Configured with: /build/gcc/src/gcc/configure --enable-languages=c c++ ada fortran go lto objc obj-c++ d --enable-bootstrap --prefix=/usr --libdir=/usr/lib --libexecdir=/usr/lib --mandir=/usr/share/man --infodir=/usr/share/info --with-bugurl=https://bugs.archlinux.org/ --with-build-config=bootstrap-lto --with-linker-hash-style=gnu --with-system-zlib --enable-__cxa_atexit --enable-cet=auto --enable-checking=release --enable-clocale=gnu --enable-default-pie --enable-default-ssp --enable-gnu-indirect-function --enable-gnu-unique-object --enable-libstdcxx-backtrace --enable-link-serialization=1 --enable-linker-build-id --enable-lto --enable-multilib --enable-plugin --enable-shared --enable-threads=posix --disable-libssp --disable-libstdcxx-pch --disable-werror]
  ignore line: [Thread model: posix]
  ignore line: [Supported LTO compression algorithms: zlib zstd]
  ignore line: [gcc version 12.2.0 (GCC) ]
  ignore line: [COMPILER_PATH=/usr/lib/gcc/x86_64-pc-linux-gnu/12.2.0/:/usr/lib/gcc/x86_64-pc-linux-gnu/12.2.0/:/usr/lib/gcc/x86_64-pc-linux-gnu/:/usr/lib/gcc/x86_64-pc-linux-gnu/12.2.0/:/usr/lib/gcc/x86_64-pc-linux-gnu/]
  ignore line: [LIBRARY_PATH=/usr/lib/gcc/x86_64-pc-linux-gnu/12.2.0/:/usr/lib/gcc/x86_64-pc-linux-gnu/12.2.0/../../../../lib/:/lib/../lib/:/usr/lib/../lib/:/usr/lib/gcc/x86_64-pc-linux-gnu/12.2.0/../../../:/lib/:/usr/lib/]
  ignore line: [COLLECT_GCC_OPTIONS='-v' '-o' 'cmTC_200ff' '-mtune=generic' '-march=x86-64' '-dumpdir' 'cmTC_200ff.']
  link line: [ /usr/lib/gcc/x86_64-pc-linux-gnu/12.2.0/collect2 -plugin /usr/lib/gcc/x86_64-pc-linux-gnu/12.2.0/liblto_plugin.so -plugin-opt=/usr/lib/gcc/x86_64-pc-linux-gnu/12.2.0/lto-wrapper -plugin-opt=-fresolution=/tmp/ccOYK7eh.res -plugin-opt=-pass-through=-lgcc -plugin-opt=-pass-through=-lgcc_s -plugin-opt=-pass-through=-lc -plugin-opt=-pass-through=-lgcc -plugin-opt=-pass-through=-lgcc_s --build-id --eh-frame-hdr --hash-style=gnu -m elf_x86_64 -dynamic-linker /lib64/ld-linux-x86-64.so.2 -pie -o cmTC_200ff /usr/lib/gcc/x86_64-pc-linux-gnu/12.2.0/../../../../lib/Scrt1.o /usr/lib/gcc/x86_64-pc-linux-gnu/12.2.0/../../../../lib/crti.o /usr/lib/gcc/x86_64-pc-linux-gnu/12.2.0/crtbeginS.o -L/usr/lib/gcc/x86_64-pc-linux-gnu/12.2.0 -L/usr/lib/gcc/x86_64-pc-linux-gnu/12.2.0/../../../../lib -L/lib/../lib -L/usr/lib/../lib -L/usr/lib/gcc/x86_64-pc-linux-gnu/12.2.0/../../.. CMakeFiles/cmTC_200ff.dir/CMakeCCompilerABI.c.o -lgcc --push-state --as-needed -lgcc_s --pop-state -lc -lgcc --push-state --as-needed -lgcc_s --pop-state /usr/lib/gcc/x86_64-pc-linux-gnu/12.2.0/crtendS.o /usr/lib/gcc/x86_64-pc-linux-gnu/12.2.0/../../../../lib/crtn.o]
    arg [/usr/lib/gcc/x86_64-pc-linux-gnu/12.2.0/collect2] ==> ignore
    arg [-plugin] ==> ignore
    arg [/usr/lib/gcc/x86_64-pc-linux-gnu/12.2.0/liblto_plugin.so] ==> ignore
    arg [-plugin-opt=/usr/lib/gcc/x86_64-pc-linux-gnu/12.2.0/lto-wrapper] ==> ignore
    arg [-plugin-opt=-fresolution=/tmp/ccOYK7eh.res] ==> ignore
    arg [-plugin-opt=-pass-through=-lgcc] ==> ignore
    arg [-plugin-opt=-pass-through=-lgcc_s] ==> ignore
    arg [-plugin-opt=-pass-through=-lc] ==> ignore
    arg [-plugin-opt=-pass-through=-lgcc] ==> ignore
    arg [-plugin-opt=-pass-through=-lgcc_s] ==> ignore
    arg [--build-id] ==> ignore
    arg [--eh-frame-hdr] ==> ignore
    arg [--hash-style=gnu] ==> ignore
    arg [-m] ==> ignore
    arg [elf_x86_64] ==> ignore
    arg [-dynamic-linker] ==> ignore
    arg [/lib64/ld-linux-x86-64.so.2] ==> ignore
    arg [-pie] ==> ignore
    arg [-o] ==> ignore
    arg [cmTC_200ff] ==> ignore
    arg [/usr/lib/gcc/x86_64-pc-linux-gnu/12.2.0/../../../../lib/Scrt1.o] ==> obj [/usr/lib/gcc/x86_64-pc-linux-gnu/12.2.0/../../../../lib/Scrt1.o]
    arg [/usr/lib/gcc/x86_64-pc-linux-gnu/12.2.0/../../../../lib/crti.o] ==> obj [/usr/lib/gcc/x86_64-pc-linux-gnu/12.2.0/../../../../lib/crti.o]
    arg [/usr/lib/gcc/x86_64-pc-linux-gnu/12.2.0/crtbeginS.o] ==> obj [/usr/lib/gcc/x86_64-pc-linux-gnu/12.2.0/crtbeginS.o]
    arg [-L/usr/lib/gcc/x86_64-pc-linux-gnu/12.2.0] ==> dir [/usr/lib/gcc/x86_64-pc-linux-gnu/12.2.0]
    arg [-L/usr/lib/gcc/x86_64-pc-linux-gnu/12.2.0/../../../../lib] ==> dir [/usr/lib/gcc/x86_64-pc-linux-gnu/12.2.0/../../../../lib]
    arg [-L/lib/../lib] ==> dir [/lib/../lib]
    arg [-L/usr/lib/../lib] ==> dir [/usr/lib/../lib]
    arg [-L/usr/lib/gcc/x86_64-pc-linux-gnu/12.2.0/../../..] ==> dir [/usr/lib/gcc/x86_64-pc-linux-gnu/12.2.0/../../..]
    arg [CMakeFiles/cmTC_200ff.dir/CMakeCCompilerABI.c.o] ==> ignore
    arg [-lgcc] ==> lib [gcc]
    arg [--push-state] ==> ignore
    arg [--as-needed] ==> ignore
    arg [-lgcc_s] ==> lib [gcc_s]
    arg [--pop-state] ==> ignore
    arg [-lc] ==> lib [c]
    arg [-lgcc] ==> lib [gcc]
    arg [--push-state] ==> ignore
    arg [--as-needed] ==> ignore
    arg [-lgcc_s] ==> lib [gcc_s]
    arg [--pop-state] ==> ignore
    arg [/usr/lib/gcc/x86_64-pc-linux-gnu/12.2.0/crtendS.o] ==> obj [/usr/lib/gcc/x86_64-pc-linux-gnu/12.2.0/crtendS.o]
    arg [/usr/lib/gcc/x86_64-pc-linux-gnu/12.2.0/../../../../lib/crtn.o] ==> obj [/usr/lib/gcc/x86_64-pc-linux-gnu/12.2.0/../../../../lib/crtn.o]
  collapse obj [/usr/lib/gcc/x86_64-pc-linux-gnu/12.2.0/../../../../lib/Scrt1.o] ==> [/usr/lib/Scrt1.o]
  collapse obj [/usr/lib/gcc/x86_64-pc-linux-gnu/12.2.0/../../../../lib/crti.o] ==> [/usr/lib/crti.o]
  collapse obj [/usr/lib/gcc/x86_64-pc-linux-gnu/12.2.0/../../../../lib/crtn.o] ==> [/usr/lib/crtn.o]
  collapse library dir [/usr/lib/gcc/x86_64-pc-linux-gnu/12.2.0] ==> [/usr/lib/gcc/x86_64-pc-linux-gnu/12.2.0]
  collapse library dir [/usr/lib/gcc/x86_64-pc-linux-gnu/12.2.0/../../../../lib] ==> [/usr/lib]
  collapse library dir [/lib/../lib] ==> [/lib]
  collapse library dir [/usr/lib/../lib] ==> [/usr/lib]
  collapse library dir [/usr/lib/gcc/x86_64-pc-linux-gnu/12.2.0/../../..] ==> [/usr/lib]
  implicit libs: [gcc;gcc_s;c;gcc;gcc_s]
  implicit objs: [/usr/lib/Scrt1.o;/usr/lib/crti.o;/usr/lib/gcc/x86_64-pc-linux-gnu/12.2.0/crtbeginS.o;/usr/lib/gcc/x86_64-pc-linux-gnu/12.2.0/crtendS.o;/usr/lib/crtn.o]
  implicit dirs: [/usr/lib/gcc/x86_64-pc-linux-gnu/12.2.0;/usr/lib;/lib]
  implicit fwks: []


Performing C SOURCE FILE Test CMAKE_HAVE_LIBC_PTHREAD succeeded with the following output:
Change Dir: /home/kuchy/Zlew/niepraca/Studia/nieprogramy/Projekty/inzynierka/engineer-thesis-WUT/Engine/glfw-3.3.8/build/CMakeFiles/CMakeTmp

Run Build Command(s):/usr/bin/make -f Makefile cmTC_899d9/fast && /usr/bin/make  -f CMakeFiles/cmTC_899d9.dir/build.make CMakeFiles/cmTC_899d9.dir/build
make[1]: Entering directory '/home/kuchy/Zlew/niepraca/Studia/nieprogramy/Projekty/inzynierka/engineer-thesis-WUT/Engine/glfw-3.3.8/build/CMakeFiles/CMakeTmp'
Building C object CMakeFiles/cmTC_899d9.dir/src.c.o
/usr/bin/cc -DCMAKE_HAVE_LIBC_PTHREAD   -o CMakeFiles/cmTC_899d9.dir/src.c.o -c /home/kuchy/Zlew/niepraca/Studia/nieprogramy/Projekty/inzynierka/engineer-thesis-WUT/Engine/glfw-3.3.8/build/CMakeFiles/CMakeTmp/src.c
Linking C executable cmTC_899d9
/usr/bin/cmake -E cmake_link_script CMakeFiles/cmTC_899d9.dir/link.txt --verbose=1
/usr/bin/cc CMakeFiles/cmTC_899d9.dir/src.c.o -o cmTC_899d9 
make[1]: Leaving directory '/home/kuchy/Zlew/niepraca/Studia/nieprogramy/Projekty/inzynierka/engineer-thesis-WUT/Engine/glfw-3.3.8/build/CMakeFiles/CMakeTmp'


Source file was:
#include <pthread.h>

static void* test_func(void* data)
{
  return data;
}

int main(void)
{
  pthread_t thread;
  pthread_create(&thread, NULL, test_func, NULL);
  pthread_detach(thread);
  pthread_cancel(thread);
  pthread_join(thread, NULL);
  pthread_atfork(NULL, NULL, NULL);
  pthread_exit(NULL);

  return 0;
}

Determining if the function XOpenDisplay exists in the /usr/lib/libX11.so;/usr/lib/libXext.so passed with the following output:
Change Dir: /home/kuchy/Zlew/niepraca/Studia/nieprogramy/Projekty/inzynierka/engineer-thesis-WUT/Engine/glfw-3.3.8/build/CMakeFiles/CMakeTmp

Run Build Command(s):/usr/bin/make -f Makefile cmTC_805e2/fast && /usr/bin/make  -f CMakeFiles/cmTC_805e2.dir/build.make CMakeFiles/cmTC_805e2.dir/build
make[1]: Entering directory '/home/kuchy/Zlew/niepraca/Studia/nieprogramy/Projekty/inzynierka/engineer-thesis-WUT/Engine/glfw-3.3.8/build/CMakeFiles/CMakeTmp'
Building C object CMakeFiles/cmTC_805e2.dir/CheckFunctionExists.c.o
/usr/bin/cc   -DCHECK_FUNCTION_EXISTS=XOpenDisplay -o CMakeFiles/cmTC_805e2.dir/CheckFunctionExists.c.o -c /usr/share/cmake/Modules/CheckFunctionExists.c
Linking C executable cmTC_805e2
/usr/bin/cmake -E cmake_link_script CMakeFiles/cmTC_805e2.dir/link.txt --verbose=1
/usr/bin/cc  -DCHECK_FUNCTION_EXISTS=XOpenDisplay CMakeFiles/cmTC_805e2.dir/CheckFunctionExists.c.o -o cmTC_805e2  /usr/lib/libX11.so /usr/lib/libXext.so 
make[1]: Leaving directory '/home/kuchy/Zlew/niepraca/Studia/nieprogramy/Projekty/inzynierka/engineer-thesis-WUT/Engine/glfw-3.3.8/build/CMakeFiles/CMakeTmp'



Determining if the function gethostbyname exists passed with the following output:
Change Dir: /home/kuchy/Zlew/niepraca/Studia/nieprogramy/Projekty/inzynierka/engineer-thesis-WUT/Engine/glfw-3.3.8/build/CMakeFiles/CMakeTmp

Run Build Command(s):/usr/bin/make -f Makefile cmTC_d7893/fast && /usr/bin/make  -f CMakeFiles/cmTC_d7893.dir/build.make CMakeFiles/cmTC_d7893.dir/build
make[1]: Entering directory '/home/kuchy/Zlew/niepraca/Studia/nieprogramy/Projekty/inzynierka/engineer-thesis-WUT/Engine/glfw-3.3.8/build/CMakeFiles/CMakeTmp'
Building C object CMakeFiles/cmTC_d7893.dir/CheckFunctionExists.c.o
/usr/bin/cc   -DCHECK_FUNCTION_EXISTS=gethostbyname -o CMakeFiles/cmTC_d7893.dir/CheckFunctionExists.c.o -c /usr/share/cmake/Modules/CheckFunctionExists.c
Linking C executable cmTC_d7893
/usr/bin/cmake -E cmake_link_script CMakeFiles/cmTC_d7893.dir/link.txt --verbose=1
/usr/bin/cc  -DCHECK_FUNCTION_EXISTS=gethostbyname CMakeFiles/cmTC_d7893.dir/CheckFunctionExists.c.o -o cmTC_d7893 
make[1]: Leaving directory '/home/kuchy/Zlew/niepraca/Studia/nieprogramy/Projekty/inzynierka/engineer-thesis-WUT/Engine/glfw-3.3.8/build/CMakeFiles/CMakeTmp'



Determining if the function connect exists passed with the following output:
Change Dir: /home/kuchy/Zlew/niepraca/Studia/nieprogramy/Projekty/inzynierka/engineer-thesis-WUT/Engine/glfw-3.3.8/build/CMakeFiles/CMakeTmp

Run Build Command(s):/usr/bin/make -f Makefile cmTC_824aa/fast && /usr/bin/make  -f CMakeFiles/cmTC_824aa.dir/build.make CMakeFiles/cmTC_824aa.dir/build
make[1]: Entering directory '/home/kuchy/Zlew/niepraca/Studia/nieprogramy/Projekty/inzynierka/engineer-thesis-WUT/Engine/glfw-3.3.8/build/CMakeFiles/CMakeTmp'
Building C object CMakeFiles/cmTC_824aa.dir/CheckFunctionExists.c.o
/usr/bin/cc   -DCHECK_FUNCTION_EXISTS=connect -o CMakeFiles/cmTC_824aa.dir/CheckFunctionExists.c.o -c /usr/share/cmake/Modules/CheckFunctionExists.c
Linking C executable cmTC_824aa
/usr/bin/cmake -E cmake_link_script CMakeFiles/cmTC_824aa.dir/link.txt --verbose=1
/usr/bin/cc  -DCHECK_FUNCTION_EXISTS=connect CMakeFiles/cmTC_824aa.dir/CheckFunctionExists.c.o -o cmTC_824aa 
make[1]: Leaving directory '/home/kuchy/Zlew/niepraca/Studia/nieprogramy/Projekty/inzynierka/engineer-thesis-WUT/Engine/glfw-3.3.8/build/CMakeFiles/CMakeTmp'



Determining if the function remove exists passed with the following output:
Change Dir: /home/kuchy/Zlew/niepraca/Studia/nieprogramy/Projekty/inzynierka/engineer-thesis-WUT/Engine/glfw-3.3.8/build/CMakeFiles/CMakeTmp

Run Build Command(s):/usr/bin/make -f Makefile cmTC_08539/fast && /usr/bin/make  -f CMakeFiles/cmTC_08539.dir/build.make CMakeFiles/cmTC_08539.dir/build
make[1]: Entering directory '/home/kuchy/Zlew/niepraca/Studia/nieprogramy/Projekty/inzynierka/engineer-thesis-WUT/Engine/glfw-3.3.8/build/CMakeFiles/CMakeTmp'
Building C object CMakeFiles/cmTC_08539.dir/CheckFunctionExists.c.o
/usr/bin/cc   -DCHECK_FUNCTION_EXISTS=remove -o CMakeFiles/cmTC_08539.dir/CheckFunctionExists.c.o -c /usr/share/cmake/Modules/CheckFunctionExists.c
Linking C executable cmTC_08539
/usr/bin/cmake -E cmake_link_script CMakeFiles/cmTC_08539.dir/link.txt --verbose=1
/usr/bin/cc  -DCHECK_FUNCTION_EXISTS=remove CMakeFiles/cmTC_08539.dir/CheckFunctionExists.c.o -o cmTC_08539 
make[1]: Leaving directory '/home/kuchy/Zlew/niepraca/Studia/nieprogramy/Projekty/inzynierka/engineer-thesis-WUT/Engine/glfw-3.3.8/build/CMakeFiles/CMakeTmp'



Determining if the function shmat exists passed with the following output:
Change Dir: /home/kuchy/Zlew/niepraca/Studia/nieprogramy/Projekty/inzynierka/engineer-thesis-WUT/Engine/glfw-3.3.8/build/CMakeFiles/CMakeTmp

Run Build Command(s):/usr/bin/make -f Makefile cmTC_f94e3/fast && /usr/bin/make  -f CMakeFiles/cmTC_f94e3.dir/build.make CMakeFiles/cmTC_f94e3.dir/build
make[1]: Entering directory '/home/kuchy/Zlew/niepraca/Studia/nieprogramy/Projekty/inzynierka/engineer-thesis-WUT/Engine/glfw-3.3.8/build/CMakeFiles/CMakeTmp'
Building C object CMakeFiles/cmTC_f94e3.dir/CheckFunctionExists.c.o
/usr/bin/cc   -DCHECK_FUNCTION_EXISTS=shmat -o CMakeFiles/cmTC_f94e3.dir/CheckFunctionExists.c.o -c /usr/share/cmake/Modules/CheckFunctionExists.c
Linking C executable cmTC_f94e3
/usr/bin/cmake -E cmake_link_script CMakeFiles/cmTC_f94e3.dir/link.txt --verbose=1
/usr/bin/cc  -DCHECK_FUNCTION_EXISTS=shmat CMakeFiles/cmTC_f94e3.dir/CheckFunctionExists.c.o -o cmTC_f94e3 
make[1]: Leaving directory '/home/kuchy/Zlew/niepraca/Studia/nieprogramy/Projekty/inzynierka/engineer-thesis-WUT/Engine/glfw-3.3.8/build/CMakeFiles/CMakeTmp'



Determining if the function IceConnectionNumber exists in the ICE passed with the following output:
Change Dir: /home/kuchy/Zlew/niepraca/Studia/nieprogramy/Projekty/inzynierka/engineer-thesis-WUT/Engine/glfw-3.3.8/build/CMakeFiles/CMakeTmp

Run Build Command(s):/usr/bin/make -f Makefile cmTC_04ea5/fast && /usr/bin/make  -f CMakeFiles/cmTC_04ea5.dir/build.make CMakeFiles/cmTC_04ea5.dir/build
make[1]: Entering directory '/home/kuchy/Zlew/niepraca/Studia/nieprogramy/Projekty/inzynierka/engineer-thesis-WUT/Engine/glfw-3.3.8/build/CMakeFiles/CMakeTmp'
Building C object CMakeFiles/cmTC_04ea5.dir/CheckFunctionExists.c.o
/usr/bin/cc   -DCHECK_FUNCTION_EXISTS=IceConnectionNumber -o CMakeFiles/cmTC_04ea5.dir/CheckFunctionExists.c.o -c /usr/share/cmake/Modules/CheckFunctionExists.c
Linking C executable cmTC_04ea5
/usr/bin/cmake -E cmake_link_script CMakeFiles/cmTC_04ea5.dir/link.txt --verbose=1
/usr/bin/cc  -DCHECK_FUNCTION_EXISTS=IceConnectionNumber CMakeFiles/cmTC_04ea5.dir/CheckFunctionExists.c.o -o cmTC_04ea5  -lICE 
make[1]: Leaving directory '/home/kuchy/Zlew/niepraca/Studia/nieprogramy/Projekty/inzynierka/engineer-thesis-WUT/Engine/glfw-3.3.8/build/CMakeFiles/CMakeTmp'



